[2026-02-28T13:58:09+01:00] [INIT] Project "Windows 11 Web UI" created. Context loaded from context.md.
[2026-02-28T13:58:09+01:00] [PLAN] Classified as: new-project. Rationale: Building a complete Windows 11 desktop UI web application from scratch — requires both project setup (greenfield) and full implementation of all UI components.
[2026-02-28T13:58:09+01:00] [PLAN] Chain: vision → research → tech-stack → architecture → project-structure → scaffolding → impl-plan → test-spec → tests → code → review → summary (12 steps)
[2026-02-28T13:58:09+01:00] [PLAN] Human gates: tech-stack, architecture, impl-plan
[2026-02-28T13:59:00+01:00] [STEP 1/12] [START] Agent: vision (Project Vision Writer)
[2026-02-28T13:59:00+01:00] [STEP 1/12] [INPUT] Reading: context.md
[2026-02-28T13:59:30+01:00] [CRITIC] Step 1: PASS (avg: 8.8). Strong vision document with clear goals and scope boundaries.
[2026-02-28T13:59:30+01:00] [STEP 1/12] [DONE] Artifact: 01-vision.md
[2026-02-28T14:00:00+01:00] [STEP 2/12] [START] Agent: research (Researcher)
[2026-02-28T14:00:00+01:00] [STEP 2/12] [INPUT] Reading: context.md, 01-vision.md
[2026-02-28T14:01:00+01:00] [CRITIC] Step 2: PASS (avg: 9.0). Comprehensive research with exact design tokens, icon library comparison, and CSS strategy.
[2026-02-28T14:01:00+01:00] [STEP 2/12] [DONE] Artifact: 02-research.md
[2026-02-28T14:02:00+01:00] [STEP 3/12] [START] Agent: tech-stack (Technology Stack Decision)
[2026-02-28T14:02:00+01:00] [STEP 3/12] [INPUT] Reading: context.md, 01-vision.md (summary), 02-research.md (full)
[2026-02-28T14:03:00+01:00] [CRITIC] Step 3: PASS (avg: 9.0). Coherent minimal stack with strong justifications and complete compatibility matrix.
[2026-02-28T14:03:00+01:00] [STEP 3/12] [DONE] Artifact: 03-tech-stack.md
[2026-02-28T14:03:00+01:00] [GATE] Step 3 awaiting human approval. Review artifact and re-invoke to continue.
[2026-02-28T14:06:00+01:00] [RESUME] Resuming from step 4/12 (architecture). Step 3 (tech-stack) approved by human.
[2026-02-28T14:06:30+01:00] [STEP 4/12] [START] Agent: architecture (Architecture Designer)
[2026-02-28T14:06:30+01:00] [STEP 4/12] [INPUT] Reading: context.md, 01-vision.md (summary), 02-research.md (full), 03-tech-stack.md (full)
[2026-02-28T14:08:00+01:00] [CRITIC] Step 4: PASS (avg: 8.8). Complete component tree with typed interfaces, clear state flow, and justified design decisions.
[2026-02-28T14:08:00+01:00] [STEP 4/12] [DONE] Artifact: 04-architecture.md
[2026-02-28T14:08:00+01:00] [GATE] Step 4 awaiting human approval. Review artifact and re-invoke to continue.
[2026-02-28T14:09:48+01:00] [RESUME] Resuming from step 5/12 (project-structure). Step 4 (architecture) approved by human.
[2026-02-28T14:10:00+01:00] [STEP 5/12] [START] Agent: project-structure (Project Structure Designer)
[2026-02-28T14:10:00+01:00] [STEP 5/12] [INPUT] Reading: context.md, 03-tech-stack.md (summary), 04-architecture.md (full)
[2026-02-28T14:11:00+01:00] [CRITIC] Step 5: PASS (avg: 8.8). Complete directory tree mapping all 15 architecture components with clear naming conventions and dependency rules.
[2026-02-28T14:11:00+01:00] [STEP 5/12] [DONE] Artifact: 05-project-structure.md
[2026-02-28T14:11:30+01:00] [STEP 6/12] [START] Agent: scaffolding (Scaffolding Generator)
[2026-02-28T14:11:30+01:00] [STEP 6/12] [INPUT] Reading: context.md, 03-tech-stack.md (full), 04-architecture.md (summary), 05-project-structure.md (full)
[2026-02-28T14:14:00+01:00] [CRITIC] Step 6: PASS (avg: 8.6). All 15 components scaffolded, TypeScript compiles clean, Vite build succeeds (171KB JS + 11KB CSS gzipped).
[2026-02-28T14:14:00+01:00] [STEP 6/12] [DONE] Artifact: scaffolding (source tree)
[2026-02-28T14:14:30+01:00] [STEP 7/12] [START] Agent: impl-plan (Implementation Planner)
[2026-02-28T14:14:30+01:00] [STEP 7/12] [INPUT] Reading: context.md, 04-architecture.md (full), 05-project-structure.md (full)
[2026-02-28T14:16:00+01:00] [CRITIC] Step 7: PASS (avg: 8.4). Concrete 4-step refinement plan with TDD ordering and visual verification checkpoints.
[2026-02-28T14:16:00+01:00] [STEP 7/12] [DONE] Artifact: 07-implementation-plan.md
[2026-02-28T14:16:00+01:00] [GATE] Step 7 awaiting human approval. Review artifact and re-invoke to continue.
[2026-02-28T14:21:56+01:00] [RESUME] Resuming from step 8/12 (test-spec). Step 7 (impl-plan) approved by human.
[2026-02-28T14:22:00+01:00] [STEP 8/12] [START] Agent: test-spec (Test Specification Writer)
[2026-02-28T14:22:00+01:00] [STEP 8/12] [INPUT] Reading: context.md, 04-architecture.md (summary), 07-implementation-plan.md (full)
[2026-02-28T14:23:00+01:00] [CRITIC] Step 8: PASS (avg: 8.6). 25 test cases across 6 files covering all interaction requirements.
[2026-02-28T14:23:00+01:00] [STEP 8/12] [DONE] Artifact: 08-test-spec.md
[2026-02-28T14:23:00+01:00] [STEP 9/12] [START] Agent: tests (Test Code Writer)
[2026-02-28T14:23:00+01:00] [STEP 9/12] [INPUT] Reading: 08-test-spec.md (full), 05-project-structure.md (summary)
[2026-02-28T14:25:00+01:00] [CRITIC] Step 9: PASS (avg: 8.6). 22 tests passing across 7 files. All interaction behaviors verified.
[2026-02-28T14:25:00+01:00] [STEP 9/12] [DONE] Artifact: tests (source tree)
[2026-02-28T14:25:30+01:00] [STEP 10/12] [START] Agent: code (Code Generator)
[2026-02-28T14:25:30+01:00] [STEP 10/12] [INPUT] Reading: 07-implementation-plan.md (full), 08-test-spec.md (summary)
[2026-02-28T14:26:00+01:00] [CRITIC] Step 10: PASS (avg: 8.4). CSS refinements applied, all 22 tests still passing, build clean.
[2026-02-28T14:26:00+01:00] [STEP 10/12] [DONE] Artifact: code (source tree refinements)
[2026-02-28T14:26:30+01:00] [STEP 11/12] [START] Agent: review (Code Reviewer)
[2026-02-28T14:26:30+01:00] [STEP 11/12] [INPUT] Reading: source tree, 04-architecture.md (summary), 08-test-spec.md (summary)
[2026-02-28T14:27:00+01:00] [CRITIC] Step 11: PASS (avg: 8.6). Code review approved with minor issues noted.
[2026-02-28T14:27:00+01:00] [STEP 11/12] [DONE] Artifact: 11-review.md
[2026-02-28T14:27:30+01:00] [STEP 12/12] [START] Agent: summary (Summarizer)
[2026-02-28T14:27:30+01:00] [STEP 12/12] [INPUT] Reading: all prior artifacts (summaries)
[2026-02-28T14:28:00+01:00] [CRITIC] Step 12: PASS (avg: 9.0). Complete summary with all artifacts, metrics, and next steps.
[2026-02-28T14:28:00+01:00] [STEP 12/12] [DONE] Artifact: 12-summary.md
[2026-02-28T14:28:00+01:00] [COMPLETE] All 12 steps completed successfully.
